<?xml version='1.0' encoding='UTF-8'?>
<testsuite hostname="Mahavir" name="controllers.HomeControllerTest" tests="3" errors="0" failures="0" skipped="0" time="5.25" timestamp="2022-03-14T18:22:09">
                     <properties>
[...]
</properties>
                     <testcase classname="controllers.HomeControllerTest" name="testIndex" time="3.744">
                                                 
                                               </testcase><testcase classname="controllers.HomeControllerTest" name="testSkill" time="0.45">
                                                 
                                               </testcase><testcase classname="controllers.HomeControllerTest" name="testProfile" time="1.056">
                                                 
                                               </testcase>
                     <system-out><![CDATA[]]></system-out>
                     <system-err><![CDATA[]]></system-err>
                   </testsuite>