<?xml version='1.0' encoding='UTF-8'?>
<testsuite hostname="Mahavir" name="model.ResultlistTest" tests="5" errors="0" failures="0" skipped="0" time="0.0" timestamp="2022-04-15T15:01:38">
                     <properties>
[...]
</properties>
                     <testcase classname="model.ResultlistTest" name="testFleschIndex" time="0.0">
                                                 
                                               </testcase><testcase classname="model.ResultlistTest" name="testFkgl" time="0.0">
                                                 
                                               </testcase><testcase classname="model.ResultlistTest" name="testResult" time="0.0">
                                                 
                                               </testcase><testcase classname="model.ResultlistTest" name="testDescription" time="0.0">
                                                 
                                               </testcase><testcase classname="model.ResultlistTest" name="testEdLevel" time="0.0">
                                                 
                                               </testcase>
                     <system-out><![CDATA[]]></system-out>
                     <system-err><![CDATA[]]></system-err>
                   </testsuite>